生成启动时间为 2017/12/21 10:59:26。
     1>项目“E:\VS2010 OpenCV\OpenCVdemo\OpenCVdemo2 by浅墨\OpenCVdemo2\OpenCVdemo2\OpenCVdemo2.vcxproj”在节点 2 上(build 个目标)。
     1>PrepareForBuild:
         正在创建目录“E:\VS2010 OpenCV\OpenCVdemo\OpenCVdemo2 by浅墨\OpenCVdemo2\Debug\”。
       InitializeBuildStatus:
         正在创建“Debug\OpenCVdemo2.unsuccessfulbuild”，因为已指定“AlwaysCreate”。
       ClCompile:
         D:\Program Files (x86)\Microsoft Visual Studio 10.0\VC\bin\CL.exe /c /ZI /nologo /W3 /WX- /Od /Oy- /D WIN32 /D _DEBUG /D _CONSOLE /D _UNICODE /D UNICODE /Gm /EHsc /RTC1 /MDd /GS /fp:precise /Zc:wchar_t /Zc:forScope /Fo"Debug\\" /Fd"Debug\vc100.pdb" /Gd /TP /analyze- /errorReport:prompt main.cpp
         main.cpp
       ManifestResourceCompile:
         C:\Program Files (x86)\Microsoft SDKs\Windows\v7.0A\bin\rc.exe /nologo /fo"Debug\OpenCVdemo2.exe.embed.manifest.res" Debug\OpenCVdemo2_manifest.rc 
       Link:
         D:\Program Files (x86)\Microsoft Visual Studio 10.0\VC\bin\link.exe /ERRORREPORT:PROMPT /OUT:"E:\VS2010 OpenCV\OpenCVdemo\OpenCVdemo2 by浅墨\OpenCVdemo2\Debug\OpenCVdemo2.exe" /INCREMENTAL /NOLOGO opencv_ml249d.lib opencv_calib3d249d.lib opencv_contrib249d.lib opencv_core249d.lib opencv_features2d249d.lib opencv_flann249d.lib opencv_gpu249d.lib opencv_highgui249d.lib opencv_imgproc249d.lib opencv_legacy249d.lib opencv_objdetect249d.lib opencv_ts249d.lib opencv_video249d.lib opencv_nonfree249d.lib opencv_ocl249d.lib opencv_photo249d.lib opencv_stitching249d.lib opencv_superres249d.lib opencv_videostab249d.lib opencv_objdetect249.lib opencv_ts249.lib opencv_video249.lib opencv_nonfree249.lib opencv_ocl249.lib opencv_photo249.lib opencv_stitching249.lib opencv_superres249.lib opencv_videostab249.lib opencv_calib3d249.lib opencv_contrib249.lib opencv_core249.lib opencv_features2d249.lib opencv_flann249.lib opencv_gpu249.lib opencv_highgui249.lib opencv_imgproc249.lib opencv_legacy249.lib opencv_ml249.lib kernel32.lib user32.lib gdi32.lib winspool.lib comdlg32.lib advapi32.lib shell32.lib ole32.lib oleaut32.lib uuid.lib odbc32.lib odbccp32.lib /MANIFEST /ManifestFile:"Debug\OpenCVdemo2.exe.intermediate.manifest" /MANIFESTUAC:"level='asInvoker' uiAccess='false'" /DEBUG /PDB:"E:\VS2010 OpenCV\OpenCVdemo\OpenCVdemo2 by浅墨\OpenCVdemo2\Debug\OpenCVdemo2.pdb" /SUBSYSTEM:CONSOLE /TLBID:1 /DYNAMICBASE /NXCOMPAT /IMPLIB:"E:\VS2010 OpenCV\OpenCVdemo\OpenCVdemo2 by浅墨\OpenCVdemo2\Debug\OpenCVdemo2.lib" /MACHINE:X86 Debug\OpenCVdemo2.exe.embed.manifest.res
         Debug\main.obj
       Manifest:
         C:\Program Files (x86)\Microsoft SDKs\Windows\v7.0A\bin\mt.exe /nologo /verbose /out:"Debug\OpenCVdemo2.exe.embed.manifest" /manifest Debug\OpenCVdemo2.exe.intermediate.manifest
         C:\Program Files (x86)\Microsoft SDKs\Windows\v7.0A\bin\rc.exe /nologo /fo"Debug\OpenCVdemo2.exe.embed.manifest.res" Debug\OpenCVdemo2_manifest.rc 
       LinkEmbedManifest:
         D:\Program Files (x86)\Microsoft Visual Studio 10.0\VC\bin\link.exe /ERRORREPORT:PROMPT /OUT:"E:\VS2010 OpenCV\OpenCVdemo\OpenCVdemo2 by浅墨\OpenCVdemo2\Debug\OpenCVdemo2.exe" /INCREMENTAL /NOLOGO opencv_ml249d.lib opencv_calib3d249d.lib opencv_contrib249d.lib opencv_core249d.lib opencv_features2d249d.lib opencv_flann249d.lib opencv_gpu249d.lib opencv_highgui249d.lib opencv_imgproc249d.lib opencv_legacy249d.lib opencv_objdetect249d.lib opencv_ts249d.lib opencv_video249d.lib opencv_nonfree249d.lib opencv_ocl249d.lib opencv_photo249d.lib opencv_stitching249d.lib opencv_superres249d.lib opencv_videostab249d.lib opencv_objdetect249.lib opencv_ts249.lib opencv_video249.lib opencv_nonfree249.lib opencv_ocl249.lib opencv_photo249.lib opencv_stitching249.lib opencv_superres249.lib opencv_videostab249.lib opencv_calib3d249.lib opencv_contrib249.lib opencv_core249.lib opencv_features2d249.lib opencv_flann249.lib opencv_gpu249.lib opencv_highgui249.lib opencv_imgproc249.lib opencv_legacy249.lib opencv_ml249.lib kernel32.lib user32.lib gdi32.lib winspool.lib comdlg32.lib advapi32.lib shell32.lib ole32.lib oleaut32.lib uuid.lib odbc32.lib odbccp32.lib /MANIFEST /ManifestFile:"Debug\OpenCVdemo2.exe.intermediate.manifest" /MANIFESTUAC:"level='asInvoker' uiAccess='false'" /DEBUG /PDB:"E:\VS2010 OpenCV\OpenCVdemo\OpenCVdemo2 by浅墨\OpenCVdemo2\Debug\OpenCVdemo2.pdb" /SUBSYSTEM:CONSOLE /TLBID:1 /DYNAMICBASE /NXCOMPAT /IMPLIB:"E:\VS2010 OpenCV\OpenCVdemo\OpenCVdemo2 by浅墨\OpenCVdemo2\Debug\OpenCVdemo2.lib" /MACHINE:X86 Debug\OpenCVdemo2.exe.embed.manifest.res
         Debug\main.obj
         OpenCVdemo2.vcxproj -> E:\VS2010 OpenCV\OpenCVdemo\OpenCVdemo2 by浅墨\OpenCVdemo2\Debug\OpenCVdemo2.exe
       FinalizeBuildStatus:
         正在删除文件“Debug\OpenCVdemo2.unsuccessfulbuild”。
         正在对“Debug\OpenCVdemo2.lastbuildstate”执行 Touch 任务。
     1>已完成生成项目“E:\VS2010 OpenCV\OpenCVdemo\OpenCVdemo2 by浅墨\OpenCVdemo2\OpenCVdemo2\OpenCVdemo2.vcxproj”(build 个目标)的操作。

生成成功。

已用时间 00:00:03.55
