生成启动时间为 2014/3/5 星期三 15:58:38。
     1>项目“F:\VS2010 OpenCV3\OpenCVdemo1\OpenCVdemo1\OpenCVdemo1.vcxproj”在节点 2 上(build 个目标)。
     1>PrepareForBuild:
         正在创建目录“F:\VS2010 OpenCV3\OpenCVdemo1\Debug\”。
       InitializeBuildStatus:
         正在创建“Debug\OpenCVdemo1.unsuccessfulbuild”，因为已指定“AlwaysCreate”。
       ClCompile:
         D:\Program Files (x86)\Microsoft Visual Studio 10.0\VC\bin\CL.exe /c /ZI /nologo /W3 /WX- /Od /Oy- /D WIN32 /D _DEBUG /D _CONSOLE /D _UNICODE /D UNICODE /Gm /EHsc /RTC1 /MDd /GS /fp:precise /Zc:wchar_t /Zc:forScope /Fo"Debug\\" /Fd"Debug\vc100.pdb" /Gd /TP /analyze- /errorReport:prompt main.cpp
         main.cpp
       ManifestResourceCompile:
         C:\Program Files (x86)\Microsoft SDKs\Windows\v7.0A\bin\rc.exe /nologo /fo"Debug\OpenCVdemo1.exe.embed.manifest.res" Debug\OpenCVdemo1_manifest.rc 
       Link:
         D:\Program Files (x86)\Microsoft Visual Studio 10.0\VC\bin\link.exe /ERRORREPORT:PROMPT /OUT:"F:\VS2010 OpenCV3\OpenCVdemo1\Debug\OpenCVdemo1.exe" /INCREMENTAL /NOLOGO opencv_calib3d248d.lib opencv_contrib248d.lib opencv_core248d.lib opencv_features2d248d.lib opencv_flann248d.lib opencv_gpu248d.lib opencv_highgui248d.lib opencv_imgproc248d.lib opencv_legacy248d.lib opencv_ml248d.lib opencv_objdetect248d.lib opencv_ts248d.lib opencv_video248d.lib opencv_nonfree248d.lib opencv_ocl248d.lib opencv_photo248d.lib opencv_stitching248d.lib opencv_superres248d.lib opencv_videostab248d.lib kernel32.lib user32.lib gdi32.lib winspool.lib comdlg32.lib advapi32.lib shell32.lib ole32.lib oleaut32.lib uuid.lib odbc32.lib odbccp32.lib /MANIFEST /ManifestFile:"Debug\OpenCVdemo1.exe.intermediate.manifest" /MANIFESTUAC:"level='asInvoker' uiAccess='false'" /DEBUG /PDB:"F:\VS2010 OpenCV3\OpenCVdemo1\Debug\OpenCVdemo1.pdb" /SUBSYSTEM:CONSOLE /TLBID:1 /DYNAMICBASE /NXCOMPAT /IMPLIB:"F:\VS2010 OpenCV3\OpenCVdemo1\Debug\OpenCVdemo1.lib" /MACHINE:X86 Debug\OpenCVdemo1.exe.embed.manifest.res
         Debug\main.obj
       Manifest:
         C:\Program Files (x86)\Microsoft SDKs\Windows\v7.0A\bin\mt.exe /nologo /verbose /out:"Debug\OpenCVdemo1.exe.embed.manifest" /manifest Debug\OpenCVdemo1.exe.intermediate.manifest
         C:\Program Files (x86)\Microsoft SDKs\Windows\v7.0A\bin\rc.exe /nologo /fo"Debug\OpenCVdemo1.exe.embed.manifest.res" Debug\OpenCVdemo1_manifest.rc 
       LinkEmbedManifest:
         D:\Program Files (x86)\Microsoft Visual Studio 10.0\VC\bin\link.exe /ERRORREPORT:PROMPT /OUT:"F:\VS2010 OpenCV3\OpenCVdemo1\Debug\OpenCVdemo1.exe" /INCREMENTAL /NOLOGO opencv_calib3d248d.lib opencv_contrib248d.lib opencv_core248d.lib opencv_features2d248d.lib opencv_flann248d.lib opencv_gpu248d.lib opencv_highgui248d.lib opencv_imgproc248d.lib opencv_legacy248d.lib opencv_ml248d.lib opencv_objdetect248d.lib opencv_ts248d.lib opencv_video248d.lib opencv_nonfree248d.lib opencv_ocl248d.lib opencv_photo248d.lib opencv_stitching248d.lib opencv_superres248d.lib opencv_videostab248d.lib kernel32.lib user32.lib gdi32.lib winspool.lib comdlg32.lib advapi32.lib shell32.lib ole32.lib oleaut32.lib uuid.lib odbc32.lib odbccp32.lib /MANIFEST /ManifestFile:"Debug\OpenCVdemo1.exe.intermediate.manifest" /MANIFESTUAC:"level='asInvoker' uiAccess='false'" /DEBUG /PDB:"F:\VS2010 OpenCV3\OpenCVdemo1\Debug\OpenCVdemo1.pdb" /SUBSYSTEM:CONSOLE /TLBID:1 /DYNAMICBASE /NXCOMPAT /IMPLIB:"F:\VS2010 OpenCV3\OpenCVdemo1\Debug\OpenCVdemo1.lib" /MACHINE:X86 Debug\OpenCVdemo1.exe.embed.manifest.res
         Debug\main.obj
         OpenCVdemo1.vcxproj -> F:\VS2010 OpenCV3\OpenCVdemo1\Debug\OpenCVdemo1.exe
       FinalizeBuildStatus:
         正在删除文件“Debug\OpenCVdemo1.unsuccessfulbuild”。
         正在对“Debug\OpenCVdemo1.lastbuildstate”执行 Touch 任务。
     1>已完成生成项目“F:\VS2010 OpenCV3\OpenCVdemo1\OpenCVdemo1\OpenCVdemo1.vcxproj”(build 个目标)的操作。

生成成功。

已用时间 00:00:05.30
